TN:s21_string_test
SF:/home/user/21school/C2_s21_stringplus-0/src/tests/check_s21_string.c
FN:7,memchr_tester
FNDA:3,memchr_tester
FN:11,test_s21_memchr_simple
FNDA:1,test_s21_memchr_simple
FN:20,strspn_tester
FNDA:6,strspn_tester
FN:24,test_s21_strspn_simple
FNDA:1,test_s21_strspn_simple
FN:34,memset_tester
FNDA:7,memset_tester
FN:39,test_s21_memset_simple
FNDA:1,test_s21_memset_simple
FN:53,memcpy_tester
FNDA:11,memcpy_tester
FN:57,test_s21_memcpy_simple
FNDA:1,test_s21_memcpy_simple
FN:75,memmove_tester
FNDA:11,memmove_tester
FN:79,test_s21_memmove_simple
FNDA:1,test_s21_memmove_simple
FN:100,memcmp_tester
FNDA:5,memcmp_tester
FN:109,test_s21_memcmp_simple
FNDA:1,test_s21_memcmp_simple
FN:120,strcat_tester
FNDA:3,strcat_tester
FN:130,test_s21_strcat_simple
FNDA:1,test_s21_strcat_simple
FN:146,strcmp_tester
FNDA:11,strcmp_tester
FN:155,test_s21_strcmp_simple
FNDA:1,test_s21_strcmp_simple
FN:177,strncmp_tester
FNDA:13,strncmp_tester
FN:186,test_s21_strncmp_simple
FNDA:1,test_s21_strncmp_simple
FN:211,strerror_tester
FNDA:8,strerror_tester
FN:214,test_s21_strerror_simple
FNDA:1,test_s21_strerror_simple
FN:222,test_s21_strerror_abnormal
FNDA:1,test_s21_strerror_abnormal
FN:231,strlen_tester
FNDA:3,strlen_tester
FN:235,test_s21_strlen_simple
FNDA:1,test_s21_strlen_simple
FN:242,string_test_suit
FNDA:16,string_test_suit
DA:7,3
DA:8,3
DA:9,3
DA:11,1
DA:12,1
DA:13,1
DA:14,1
DA:16,1
DA:20,6
DA:21,6
DA:22,6
DA:24,1
DA:25,1
DA:26,1
DA:27,1
DA:28,1
DA:29,1
DA:30,1
DA:32,1
DA:34,7
DA:35,7
DA:36,7
DA:39,1
DA:40,1
DA:41,1
DA:42,1
DA:43,1
DA:44,1
DA:46,1
DA:47,1
DA:48,1
DA:50,1
DA:53,11
DA:54,11
DA:55,11
DA:57,1
DA:58,1
DA:59,1
DA:60,1
DA:61,1
DA:63,1
DA:64,1
DA:65,1
DA:67,1
DA:68,1
DA:69,1
DA:70,1
DA:71,1
DA:73,1
DA:75,11
DA:76,11
DA:77,11
DA:79,1
DA:80,1
DA:81,1
DA:82,1
DA:83,1
DA:85,1
DA:86,1
DA:87,1
DA:89,1
DA:90,1
DA:91,1
DA:92,1
DA:93,1
DA:95,1
DA:100,5
DA:101,5
DA:102,5
DA:104,5
DA:107,5
DA:109,1
DA:110,1
DA:111,1
DA:112,1
DA:114,1
DA:115,1
DA:117,1
DA:120,3
DA:121,3
DA:123,3
DA:124,3
DA:125,3
DA:127,3
DA:128,3
DA:130,1
DA:131,1
DA:132,1
DA:133,1
DA:135,1
DA:136,1
DA:138,1
DA:139,1
DA:141,1
DA:143,1
DA:146,11
DA:147,11
DA:148,11
DA:150,11
DA:153,11
DA:155,1
DA:156,1
DA:157,1
DA:158,1
DA:160,1
DA:161,1
DA:163,1
DA:164,1
DA:166,1
DA:167,1
DA:169,1
DA:171,1
DA:172,1
DA:174,1
DA:177,13
DA:178,13
DA:179,13
DA:181,13
DA:184,13
DA:186,1
DA:187,1
DA:188,1
DA:189,1
DA:191,1
DA:192,1
DA:193,1
DA:195,1
DA:196,1
DA:198,1
DA:200,1
DA:201,1
DA:203,1
DA:205,1
DA:206,1
DA:208,1
DA:211,8
DA:212,8
DA:213,8
DA:214,1
DA:215,1
DA:216,1
DA:217,1
DA:218,1
DA:220,1
DA:222,1
DA:223,1
DA:224,1
DA:225,1
DA:226,1
DA:228,1
DA:231,3
DA:232,3
DA:233,3
DA:235,1
DA:236,1
DA:237,1
DA:238,1
DA:240,1
DA:242,16
DA:244,16
DA:246,16
DA:248,16
DA:249,16
DA:250,16
DA:251,16
DA:252,16
DA:254,16
DA:256,16
DA:257,16
DA:258,16
DA:259,16
DA:260,16
DA:262,16
DA:264,16
DA:265,16
DA:267,16
DA:269,16
end_of_record
TN:s21_string_test
SF:/home/user/21school/C2_s21_stringplus-0/src/tests/check_main.c
FN:7,main
FNDA:16,main
DA:7,16
DA:10,16
DA:11,16
DA:13,16
DA:14,16
DA:16,16
DA:17,1
DA:18,1
DA:19,1
end_of_record
TN:s21_string_test
SF:/home/user/21school/C2_s21_stringplus-0/src/tests/check_utils.c
FN:6,test_ten_pow_positive
FNDA:1,test_ten_pow_positive
FN:13,test_cont_digits_positive
FNDA:1,test_cont_digits_positive
FN:22,test_write_int
FNDA:1,test_write_int
FN:36,util_test_suit
FNDA:16,util_test_suit
DA:6,1
DA:7,1
DA:8,1
DA:9,1
DA:11,1
DA:13,1
DA:14,1
DA:15,1
DA:16,1
DA:17,1
DA:18,1
DA:20,1
DA:22,1
DA:23,1
DA:24,1
DA:25,1
DA:27,1
DA:28,1
DA:30,1
DA:31,1
DA:32,1
DA:34,1
DA:36,16
DA:37,16
DA:38,16
DA:40,16
DA:41,16
DA:42,16
DA:44,16
DA:45,16
end_of_record
TN:s21_string_test
SF:/home/user/21school/C2_s21_stringplus-0/src/s21_errors/unknown_error.h
FN:15,unknown_error_msg
FNDA:3,unknown_error_msg
DA:15,3
DA:16,3
DA:17,3
end_of_record
SF:/home/user/21school/C2_s21_stringplus-0/src/s21_errors/s21_errlist.h
FN:5,s21_get_errlist
FNDA:8,s21_get_errlist
DA:5,8
DA:15,8
DA:16,8
DA:17,6
DA:19,5
DA:22,8
DA:23,3
DA:25,8
end_of_record
SF:/home/user/21school/C2_s21_stringplus-0/src/s21_string.c
FN:29,s21_strcat
FNDA:3,s21_strcat
FN:45,s21_strcmp
FNDA:11,s21_strcmp
FN:53,s21_strncmp
FNDA:13,s21_strncmp
FN:68,s21_strerror
FNDA:8,s21_strerror
FN:74,s21_strlen
FNDA:3,s21_strlen
FN:86,s21_memchr
FNDA:3,s21_memchr
FN:97,s21_memcmp
FNDA:5,s21_memcmp
FN:111,s21_memcpy
FNDA:11,s21_memcpy
FN:123,s21_memmove
FNDA:11,s21_memmove
FN:140,s21_memset
FNDA:7,s21_memset
FN:151,s21_strspn
FNDA:6,s21_strspn
DA:29,3
DA:30,21
DA:32,14
DA:34,3
DA:35,3
DA:45,11
DA:46,16
DA:47,5
DA:49,11
DA:53,13
DA:54,13
DA:55,18
DA:56,10
DA:57,5
DA:58,5
DA:59,5
DA:62,13
DA:63,13
DA:64,13
DA:68,8
DA:70,8
DA:74,3
DA:75,3
DA:76,10
DA:78,3
DA:86,3
DA:87,3
DA:88,3
DA:89,7
DA:90,4
DA:91,4
DA:93,3
DA:97,5
DA:98,5
DA:99,5
DA:100,5
DA:101,16
DA:102,11
DA:103,11
DA:104,11
DA:105,11
DA:107,5
DA:111,11
DA:112,11
DA:113,11
DA:114,11
DA:115,68
DA:116,57
DA:119,11
DA:123,11
DA:124,11
DA:125,11
DA:126,11
DA:127,11
DA:128,68
DA:129,57
DA:131,68
DA:132,57
DA:135,11
DA:136,11
DA:140,7
DA:141,7
DA:142,7
DA:143,31
DA:144,24
DA:145,24
DA:147,7
DA:151,6
DA:152,6
DA:154,21
DA:155,57
DA:156,52
DA:158,20
DA:159,15
DA:161,6
end_of_record
TN:s21_string_test
SF:/home/user/21school/C2_s21_stringplus-0/src/utils/write_int_into_str_buffer.c
FN:4,ten_pow_positive
FNDA:9,ten_pow_positive
FN:14,cont_digits_positive
FNDA:11,cont_digits_positive
FN:25,write_int
FNDA:6,write_int
DA:4,9
DA:5,9
DA:6,24
DA:7,15
DA:8,15
DA:10,9
DA:14,11
DA:15,11
DA:17,17
DA:18,17
DA:19,17
DA:21,11
DA:25,6
DA:26,6
DA:27,6
DA:28,4
DA:29,4
DA:32,6
DA:33,6
DA:34,15
DA:35,9
DA:36,9
DA:37,9
DA:39,6
DA:40,6
end_of_record
